--------------------------------------------------------------------------------
Release 14.7 Trace  (lin64)
Copyright (c) 1995-2013 Xilinx, Inc.  All rights reserved.

/opt/Xilinx/14.7/ISE_DS/ISE/bin/lin64/unwrapped/trce -intstyle ise -v 3 -s 5 -n
3 -fastpaths -xml playFromFile.twx playFromFile.ncd -o playFromFile.twr
playFromFile.pcf

Design file:              playFromFile.ncd
Physical constraint file: playFromFile.pcf
Device,package,speed:     xc3s1000,ft256,-5 (PRODUCTION 1.39 2013-10-13)
Report level:             verbose report

Environment Variable      Effect 
--------------------      ------ 
NONE                      No environment variables were set
--------------------------------------------------------------------------------

INFO:Timing:2698 - No timing constraints found, doing default enumeration.
INFO:Timing:3412 - To improve timing, see the Timing Closure User Guide (UG612).
INFO:Timing:2752 - To get complete path coverage, use the unconstrained paths 
   option. All paths that are not constrained will be reported in the 
   unconstrained paths section(s) of the report.
INFO:Timing:3339 - The clock-to-out numbers in this timing report are based on 
   a 50 Ohm transmission line loading model.  For the details of this model, 
   and for more information on accounting for different loading conditions, 
   please see the device datasheet.
INFO:Timing:3390 - This architecture does not support a default System Jitter 
   value, please add SYSTEM_JITTER constraint to the UCF to modify the Clock 
   Uncertainty calculation.
INFO:Timing:3389 - This architecture does not support 'Discrete Jitter' and 
   'Phase Error' calculations, these terms will be zero in the Clock 
   Uncertainty calculation.  Please make appropriate modification to 
   SYSTEM_JITTER to account for the unsupported Discrete Jitter and Phase 
   Error.



Data Sheet report:
-----------------
All values displayed in nanoseconds (ns)

Clock clk to Pad
------------+------------+------------------+--------+
            | clk (edge) |                  | Clock  |
Destination |   to PAD   |Internal Clock(s) | Phase  |
------------+------------+------------------+--------+
gpioBank1<0>|    9.367(R)|clk_BUFGP         |   0.000|
gpioBank1<1>|   10.092(R)|clk_BUFGP         |   0.000|
gpioBank1<2>|    9.981(R)|clk_BUFGP         |   0.000|
gpioBank1<3>|    9.546(R)|clk_BUFGP         |   0.000|
gpioBank2<0>|    9.677(R)|clk_BUFGP         |   0.000|
gpioBank2<1>|    9.818(R)|clk_BUFGP         |   0.000|
gpioBank2<2>|    9.782(R)|clk_BUFGP         |   0.000|
gpioBank2<3>|   10.200(R)|clk_BUFGP         |   0.000|
gpioBank3<0>|    9.303(R)|clk_BUFGP         |   0.000|
gpioBank3<1>|    9.514(R)|clk_BUFGP         |   0.000|
gpioBank3<2>|    9.513(R)|clk_BUFGP         |   0.000|
gpioBank3<3>|    9.294(R)|clk_BUFGP         |   0.000|
------------+------------+------------------+--------+

Clock to Setup on destination clock clk
---------------+---------+---------+---------+---------+
               | Src:Rise| Src:Fall| Src:Rise| Src:Fall|
Source Clock   |Dest:Rise|Dest:Rise|Dest:Fall|Dest:Fall|
---------------+---------+---------+---------+---------+
clk            |    5.841|         |         |         |
---------------+---------+---------+---------+---------+


Analysis completed Tue Dec 16 02:55:59 2014 
--------------------------------------------------------------------------------

Trace Settings:
-------------------------
Trace Settings 

Peak Memory Usage: 337 MB



